<?xml version="1.0" encoding="UTF-8"?>
<!-- Generated by org.testng.reporters.JUnitReportReporter -->
<testsuite hostname="MAVBCP3332" failures="0" tests="1" name="com.terrain.SampleSelenium" time="9.819" errors="0" timestamp="2021-09-14T14:51:26 IST" skipped="0">
  <testcase classname="com.terrain.SampleSelenium" name="TestMethod" time="9.819"/>
  <system-out/>
</testsuite> <!-- com.terrain.SampleSelenium -->
