<?xml version="1.0" encoding="UTF-8"?>
<!-- Generated by org.testng.reporters.JUnitReportReporter -->
<testsuite hostname="MAVBCP3332" failures="0" tests="1" name="com.terrain.VerifyWordpressLogin" time="23.866" errors="0" timestamp="2021-09-15T13:08:29 IST" skipped="0">
  <testcase classname="com.terrain.VerifyWordpressLogin" name="verifyValidLogin" time="23.866"/>
  <system-out/>
</testsuite> <!-- com.terrain.VerifyWordpressLogin -->
