<?xml version="1.0" encoding="UTF-8"?>
<!-- Generated by org.testng.reporters.JUnitReportReporter -->
<testsuite hostname="MAVBCP3332" failures="0" tests="2" name="com.terrain.CrossBrowserScript" time="28.924" errors="0" timestamp="2021-09-15T14:34:35 IST" skipped="0">
  <testcase classname="com.terrain.CrossBrowserScript" name="testParameterWithXML" time="15.053"/>
  <system-out/>
  <testcase classname="com.terrain.CrossBrowserScript" name="testParameterWithXML" time="13.871"/>
  <system-out/>
</testsuite> <!-- com.terrain.CrossBrowserScript -->
